<?xml version="1.0" encoding="UTF-8"?>
<!-- Generated by org.testng.reporters.JUnitReportReporter -->
<testsuite skipped="0" hostname="SABRINAs-MacBook.local" name="newTests.TestServiceLogin" tests="1" failures="0" timestamp="10 Feb 2020 02:05:39 GMT" time="0.000" errors="0">
  <testcase name="testSignIn" time="0.000" classname="newTests.TestServiceLogin"/>
</testsuite> <!-- newTests.TestServiceLogin -->
